  [1m[36m (144.9ms)[0m  [1mCREATE TABLE `schema_migrations` (`version` varchar(255) NOT NULL) ENGINE=InnoDB[0m
  [1m[35m (96.2ms)[0m  CREATE UNIQUE INDEX `unique_schema_migrations`  ON `schema_migrations` (`version`) 
  [1m[36mActiveRecord::SchemaMigration Load (1.3ms)[0m  [1mSELECT `schema_migrations`.* FROM `schema_migrations`[0m
Migrating to DeviseCreateUsers (20150802234222)
  [1m[35m (36.8ms)[0m  CREATE TABLE `users` (`id` int(11) auto_increment PRIMARY KEY, `email` varchar(255) DEFAULT '' NOT NULL, `encrypted_password` varchar(255) DEFAULT '' NOT NULL, `reset_password_token` varchar(255), `reset_password_sent_at` datetime, `remember_created_at` datetime, `sign_in_count` int(11) DEFAULT 0 NOT NULL, `current_sign_in_at` datetime, `last_sign_in_at` datetime, `current_sign_in_ip` varchar(255), `last_sign_in_ip` varchar(255), `created_at` datetime NOT NULL, `updated_at` datetime NOT NULL) ENGINE=InnoDB
  [1m[36m (34.1ms)[0m  [1mCREATE UNIQUE INDEX `index_users_on_email`  ON `users` (`email`) [0m
  [1m[35m (21.7ms)[0m  CREATE UNIQUE INDEX `index_users_on_reset_password_token`  ON `users` (`reset_password_token`) 
  [1m[36m (11.8ms)[0m  [1mBEGIN[0m
  [1m[35mUser Exists (26.2ms)[0m  SELECT  1 AS one FROM `users` WHERE `users`.`email` = BINARY 'admin@example.com' LIMIT 1
  [1m[36mSQL (29.2ms)[0m  [1mINSERT INTO `users` (`email`, `encrypted_password`, `created_at`, `updated_at`) VALUES ('admin@example.com', '$2a$10$FE6OW7s46JOz2f4cTjZa/uEsjoejz6ISxhf4ykNOGHwtAWOAKXWw2', '2015-08-02 23:52:00', '2015-08-02 23:52:00')[0m
  [1m[35m (0.4ms)[0m  COMMIT
  [1m[36m (0.2ms)[0m  [1mBEGIN[0m
  [1m[35mSQL (0.2ms)[0m  INSERT INTO `schema_migrations` (`version`) VALUES ('20150802234222')
  [1m[36m (0.3ms)[0m  [1mCOMMIT[0m
Migrating to CreateActiveAdminComments (20150802234227)
DEPRECATION WARNING: `#timestamps` was called without specifying an option for `null`. In Rails 5, this behavior will change to `null: false`. You should manually specify `null: true` to prevent the behavior of your existing migrations from changing. (called from block in up at /Users/todamasato/projects/active_admin_exercise3/db/migrate/20150802234227_create_active_admin_comments.rb:9)
  [1m[35m (26.1ms)[0m  CREATE TABLE `active_admin_comments` (`id` int(11) auto_increment PRIMARY KEY, `namespace` varchar(255), `body` text, `resource_id` varchar(255) NOT NULL, `resource_type` varchar(255) NOT NULL, `author_id` int(11), `author_type` varchar(255), `created_at` datetime, `updated_at` datetime) ENGINE=InnoDB
  [1m[36m (28.9ms)[0m  [1mCREATE  INDEX `index_active_admin_comments_on_namespace`  ON `active_admin_comments` (`namespace`) [0m
  [1m[35m (29.8ms)[0m  CREATE  INDEX `index_active_admin_comments_on_author_type_and_author_id`  ON `active_admin_comments` (`author_type`, `author_id`) 
  [1m[36m (46.1ms)[0m  [1mCREATE  INDEX `index_active_admin_comments_on_resource_type_and_resource_id`  ON `active_admin_comments` (`resource_type`, `resource_id`) [0m
  [1m[35m (0.1ms)[0m  BEGIN
  [1m[36mSQL (0.2ms)[0m  [1mINSERT INTO `schema_migrations` (`version`) VALUES ('20150802234227')[0m
  [1m[35m (0.3ms)[0m  COMMIT
  [1m[36mActiveRecord::SchemaMigration Load (0.2ms)[0m  [1mSELECT `schema_migrations`.* FROM `schema_migrations`[0m
  [1m[35m (3.2ms)[0m  SELECT fk.referenced_table_name as 'to_table'
      ,fk.referenced_column_name as 'primary_key'
      ,fk.column_name as 'column'
      ,fk.constraint_name as 'name'
FROM information_schema.key_column_usage fk
WHERE fk.referenced_column_name is not null
  AND fk.table_schema = 'active_admin_exercise3_development'
  AND fk.table_name = 'active_admin_comments'

  [1m[36m (0.2ms)[0m  [1mSHOW CREATE TABLE `active_admin_comments`[0m
  [1m[35m (0.2ms)[0m  SELECT fk.referenced_table_name as 'to_table'
      ,fk.referenced_column_name as 'primary_key'
      ,fk.column_name as 'column'
      ,fk.constraint_name as 'name'
FROM information_schema.key_column_usage fk
WHERE fk.referenced_column_name is not null
  AND fk.table_schema = 'active_admin_exercise3_development'
  AND fk.table_name = 'users'

  [1m[36m (0.1ms)[0m  [1mSHOW CREATE TABLE `users`[0m


Started GET "/" for ::1 at 2015-08-03 08:52:30 +0900
  [1m[36mActiveRecord::SchemaMigration Load (1.3ms)[0m  [1mSELECT `schema_migrations`.* FROM `schema_migrations`[0m
Processing by Rails::WelcomeController#index as HTML
  Rendered vendor/bundle/ruby/2.2.0/gems/railties-4.2.3/lib/rails/templates/rails/welcome/index.html.erb (4.8ms)
Completed 200 OK in 71ms (Views: 27.6ms | ActiveRecord: 0.0ms)


Started GET "/adimin" for ::1 at 2015-08-03 08:52:39 +0900

ActionController::RoutingError (No route matches [GET] "/adimin"):
  vendor/bundle/ruby/2.2.0/gems/actionpack-4.2.3/lib/action_dispatch/middleware/debug_exceptions.rb:21:in `call'
  vendor/bundle/ruby/2.2.0/gems/web-console-2.2.1/lib/web_console/middleware.rb:39:in `call'
  vendor/bundle/ruby/2.2.0/gems/actionpack-4.2.3/lib/action_dispatch/middleware/show_exceptions.rb:30:in `call'
  vendor/bundle/ruby/2.2.0/gems/railties-4.2.3/lib/rails/rack/logger.rb:38:in `call_app'
  vendor/bundle/ruby/2.2.0/gems/railties-4.2.3/lib/rails/rack/logger.rb:20:in `block in call'
  vendor/bundle/ruby/2.2.0/gems/activesupport-4.2.3/lib/active_support/tagged_logging.rb:68:in `block in tagged'
  vendor/bundle/ruby/2.2.0/gems/activesupport-4.2.3/lib/active_support/tagged_logging.rb:26:in `tagged'
  vendor/bundle/ruby/2.2.0/gems/activesupport-4.2.3/lib/active_support/tagged_logging.rb:68:in `tagged'
  vendor/bundle/ruby/2.2.0/gems/railties-4.2.3/lib/rails/rack/logger.rb:20:in `call'
  vendor/bundle/ruby/2.2.0/gems/request_store-1.2.0/lib/request_store/middleware.rb:8:in `call'
  vendor/bundle/ruby/2.2.0/gems/actionpack-4.2.3/lib/action_dispatch/middleware/request_id.rb:21:in `call'
  vendor/bundle/ruby/2.2.0/gems/rack-1.6.4/lib/rack/methodoverride.rb:22:in `call'
  vendor/bundle/ruby/2.2.0/gems/rack-1.6.4/lib/rack/runtime.rb:18:in `call'
  vendor/bundle/ruby/2.2.0/gems/activesupport-4.2.3/lib/active_support/cache/strategy/local_cache_middleware.rb:28:in `call'
  vendor/bundle/ruby/2.2.0/gems/rack-1.6.4/lib/rack/lock.rb:17:in `call'
  vendor/bundle/ruby/2.2.0/gems/actionpack-4.2.3/lib/action_dispatch/middleware/static.rb:116:in `call'
  vendor/bundle/ruby/2.2.0/gems/rack-1.6.4/lib/rack/sendfile.rb:113:in `call'
  vendor/bundle/ruby/2.2.0/gems/railties-4.2.3/lib/rails/engine.rb:518:in `call'
  vendor/bundle/ruby/2.2.0/gems/railties-4.2.3/lib/rails/application.rb:165:in `call'
  vendor/bundle/ruby/2.2.0/gems/rack-1.6.4/lib/rack/lock.rb:17:in `call'
  vendor/bundle/ruby/2.2.0/gems/rack-1.6.4/lib/rack/content_length.rb:15:in `call'
  vendor/bundle/ruby/2.2.0/gems/rack-1.6.4/lib/rack/handler/webrick.rb:88:in `service'
  /Users/todamasato/.rbenv/versions/2.2.2/lib/ruby/2.2.0/webrick/httpserver.rb:138:in `service'
  /Users/todamasato/.rbenv/versions/2.2.2/lib/ruby/2.2.0/webrick/httpserver.rb:94:in `run'
  /Users/todamasato/.rbenv/versions/2.2.2/lib/ruby/2.2.0/webrick/server.rb:294:in `block in start_thread'


  Rendered vendor/bundle/ruby/2.2.0/gems/actionpack-4.2.3/lib/action_dispatch/middleware/templates/rescues/_trace.html.erb (3.3ms)
  Rendered vendor/bundle/ruby/2.2.0/gems/actionpack-4.2.3/lib/action_dispatch/middleware/templates/routes/_route.html.erb (3.1ms)
  Rendered vendor/bundle/ruby/2.2.0/gems/actionpack-4.2.3/lib/action_dispatch/middleware/templates/routes/_table.html.erb (14.6ms)
  Rendered vendor/bundle/ruby/2.2.0/gems/actionpack-4.2.3/lib/action_dispatch/middleware/templates/rescues/_request_and_response.html.erb (15.8ms)
  Rendered vendor/bundle/ruby/2.2.0/gems/actionpack-4.2.3/lib/action_dispatch/middleware/templates/rescues/routing_error.html.erb within rescues/layout (195.3ms)
  Rendered vendor/bundle/ruby/2.2.0/gems/web-console-2.2.1/lib/web_console/templates/_markup.html.erb (0.8ms)
  Rendered vendor/bundle/ruby/2.2.0/gems/web-console-2.2.1/lib/web_console/templates/_inner_console_markup.html.erb within layouts/inlined_string (0.5ms)
  Rendered vendor/bundle/ruby/2.2.0/gems/web-console-2.2.1/lib/web_console/templates/_prompt_box_markup.html.erb within layouts/inlined_string (0.7ms)
  Rendered vendor/bundle/ruby/2.2.0/gems/web-console-2.2.1/lib/web_console/templates/style.css.erb within layouts/inlined_string (0.8ms)
  Rendered vendor/bundle/ruby/2.2.0/gems/web-console-2.2.1/lib/web_console/templates/console.js.erb within layouts/javascript (129.6ms)
  Rendered vendor/bundle/ruby/2.2.0/gems/web-console-2.2.1/lib/web_console/templates/main.js.erb within layouts/javascript (0.4ms)
  Rendered vendor/bundle/ruby/2.2.0/gems/web-console-2.2.1/lib/web_console/templates/error_page.js.erb within layouts/javascript (0.6ms)
  Rendered vendor/bundle/ruby/2.2.0/gems/web-console-2.2.1/lib/web_console/templates/index.html.erb (284.7ms)


Started GET "/admin" for ::1 at 2015-08-03 08:52:53 +0900
Processing by Admin::DashboardController#index as HTML
Completed 401 Unauthorized in 21ms (ActiveRecord: 0.0ms)


Started GET "/admin/login" for ::1 at 2015-08-03 08:52:53 +0900
Processing by ActiveAdmin::Devise::SessionsController#new as HTML
  Rendered vendor/bundle/ruby/2.2.0/bundler/gems/activeadmin-0042ffb2670b/app/views/active_admin/devise/shared/_links.erb (4.0ms)
  Rendered vendor/bundle/ruby/2.2.0/bundler/gems/activeadmin-0042ffb2670b/app/views/active_admin/devise/sessions/new.html.erb within layouts/active_admin_logged_out (140.6ms)
Completed 200 OK in 8887ms (Views: 8827.9ms | ActiveRecord: 22.2ms)


Started GET "/assets/active_admin.self-74e4706f74a58d0b465b73ce87685e26aa63c1b51d4975085fccb9cdf878668d.css?body=1" for ::1 at 2015-08-03 08:53:03 +0900


Started GET "/assets/active_admin/print.self-a89a5f3d4e4de963bebe09c9106e5f3192c66f828421dc136cfad24760418340.css?body=1" for ::1 at 2015-08-03 08:53:03 +0900


Started POST "/admin/login" for ::1 at 2015-08-03 08:53:25 +0900
Processing by ActiveAdmin::Devise::SessionsController#create as HTML
  Parameters: {"utf8"=>"✓", "authenticity_token"=>"hNERoVTtFMorwnnCSi4On2ootS/mSd1uBxbBUv+HZQMlZaeN28azZSnl0mWwU+M/LbMOopZuz3Y+3zXpdACpIg==", "user"=>{"email"=>"admin@example.com", "password"=>"[FILTERED]", "remember_me"=>"1"}, "commit"=>"Login"}
  [1m[35mUser Load (5.4ms)[0m  SELECT  `users`.* FROM `users` WHERE `users`.`email` = 'admin@example.com'  ORDER BY `users`.`id` ASC LIMIT 1
  [1m[36m (0.2ms)[0m  [1mBEGIN[0m
  [1m[35mSQL (30.9ms)[0m  UPDATE `users` SET `remember_created_at` = '2015-08-02 23:53:25', `updated_at` = '2015-08-02 23:53:25' WHERE `users`.`id` = 1
  [1m[36m (3.3ms)[0m  [1mCOMMIT[0m
  [1m[35m (0.2ms)[0m  BEGIN
  [1m[36mSQL (0.4ms)[0m  [1mUPDATE `users` SET `last_sign_in_at` = '2015-08-02 23:53:25', `current_sign_in_at` = '2015-08-02 23:53:25', `last_sign_in_ip` = '::1', `current_sign_in_ip` = '::1', `sign_in_count` = 1, `updated_at` = '2015-08-02 23:53:25' WHERE `users`.`id` = 1[0m
  [1m[35m (8.1ms)[0m  COMMIT
Redirected to http://localhost:3000/admin
Completed 302 Found in 296ms (ActiveRecord: 48.5ms)


Started GET "/admin" for ::1 at 2015-08-03 08:53:25 +0900
Processing by Admin::DashboardController#index as HTML
  [1m[36mUser Load (0.5ms)[0m  [1mSELECT  `users`.* FROM `users` WHERE `users`.`id` = 1  ORDER BY `users`.`id` ASC LIMIT 1[0m
  Rendered vendor/bundle/ruby/2.2.0/bundler/gems/activeadmin-0042ffb2670b/app/views/active_admin/page/index.html.arb (318.1ms)
Completed 200 OK in 340ms (Views: 329.0ms | ActiveRecord: 0.5ms)


Started GET "/admin/comments" for ::1 at 2015-08-03 08:59:00 +0900
Processing by Admin::CommentsController#index as HTML
  [1m[35mUser Load (1.4ms)[0m  SELECT  `users`.* FROM `users` WHERE `users`.`id` = 1  ORDER BY `users`.`id` ASC LIMIT 1
  [1m[36m (4.0ms)[0m  [1mSELECT COUNT(*) FROM `active_admin_comments` WHERE `active_admin_comments`.`namespace` = 'admin'[0m
  [1m[35m (1.9ms)[0m  SELECT COUNT(count_column) FROM (SELECT  1 AS count_column FROM `active_admin_comments` WHERE `active_admin_comments`.`namespace` = 'admin' LIMIT 30 OFFSET 0) subquery_for_count
  [1m[36m (6.6ms)[0m  [1mSELECT DISTINCT `active_admin_comments`.`resource_type` FROM `active_admin_comments`  ORDER BY resource_type asc[0m
  [1m[35m (0.4ms)[0m  SELECT DISTINCT `active_admin_comments`.`author_type` FROM `active_admin_comments`  ORDER BY author_type asc
  Rendered vendor/bundle/ruby/2.2.0/bundler/gems/activeadmin-0042ffb2670b/app/views/active_admin/resource/index.html.arb (571.4ms)
Completed 200 OK in 698ms (Views: 588.9ms | ActiveRecord: 42.2ms)


Started GET "/admin/users" for ::1 at 2015-08-03 08:59:04 +0900
Processing by Admin::UsersController#index as HTML
  [1m[36mUser Load (0.5ms)[0m  [1mSELECT  `users`.* FROM `users` WHERE `users`.`id` = 1  ORDER BY `users`.`id` ASC LIMIT 1[0m
  [1m[35m (0.4ms)[0m  SELECT COUNT(count_column) FROM (SELECT  1 AS count_column FROM `users` LIMIT 30 OFFSET 0) subquery_for_count
  [1m[36mCACHE (0.0ms)[0m  [1mSELECT COUNT(count_column) FROM (SELECT  1 AS count_column FROM `users` LIMIT 30 OFFSET 0) subquery_for_count[0m
  [1m[35m (0.3ms)[0m  SELECT COUNT(*) FROM `users`
  [1m[36mCACHE (0.0ms)[0m  [1mSELECT COUNT(count_column) FROM (SELECT  1 AS count_column FROM `users` LIMIT 30 OFFSET 0) subquery_for_count[0m
  [1m[35mUser Load (0.3ms)[0m  SELECT  `users`.* FROM `users`  ORDER BY `users`.`id` desc LIMIT 30 OFFSET 0
  Rendered vendor/bundle/ruby/2.2.0/bundler/gems/activeadmin-0042ffb2670b/app/views/active_admin/resource/index.html.arb (518.0ms)
Completed 200 OK in 536ms (Views: 530.4ms | ActiveRecord: 1.6ms)


Started GET "/admin/users/new" for ::1 at 2015-08-03 08:59:20 +0900
Processing by Admin::UsersController#new as HTML
  [1m[36mUser Load (1.6ms)[0m  [1mSELECT  `users`.* FROM `users` WHERE `users`.`id` = 1  ORDER BY `users`.`id` ASC LIMIT 1[0m
  Rendered vendor/bundle/ruby/2.2.0/bundler/gems/activeadmin-0042ffb2670b/app/views/active_admin/resource/new.html.arb (639.3ms)
Completed 200 OK in 709ms (Views: 674.0ms | ActiveRecord: 1.6ms)


Started POST "/admin/users" for ::1 at 2015-08-03 08:59:40 +0900
Processing by Admin::UsersController#create as HTML
  Parameters: {"utf8"=>"✓", "authenticity_token"=>"5sepuJGx/zXxkLKLROh0egruPh8wtu9Vr45W7qL5ffi1hyqNYxHLh3Gkm8A1Gm09N9AalnBgmYshr2To3J26jA==", "user"=>{"email"=>"asura@rainbowapps.com", "password"=>"[FILTERED]", "password_confirmation"=>"[FILTERED]"}, "commit"=>"Create User"}
  [1m[35mUser Load (2.5ms)[0m  SELECT  `users`.* FROM `users` WHERE `users`.`id` = 1  ORDER BY `users`.`id` ASC LIMIT 1
  [1m[36m (0.4ms)[0m  [1mBEGIN[0m
  [1m[35mUser Exists (17.4ms)[0m  SELECT  1 AS one FROM `users` WHERE `users`.`email` = BINARY 'asura@rainbowapps.com' LIMIT 1
  [1m[36mSQL (22.1ms)[0m  [1mINSERT INTO `users` (`email`, `encrypted_password`, `created_at`, `updated_at`) VALUES ('asura@rainbowapps.com', '$2a$10$w6swPmXlWuMdieGFHzwc2ORnVfD9SYpuqSgNLYj4DBLsGvYBi/Qdm', '2015-08-02 23:59:40', '2015-08-02 23:59:40')[0m
  [1m[35m (1.7ms)[0m  COMMIT
Redirected to http://localhost:3000/admin/users/2
Completed 302 Found in 227ms (ActiveRecord: 44.1ms)


Started GET "/admin/users/2" for ::1 at 2015-08-03 08:59:40 +0900
Processing by Admin::UsersController#show as HTML
  Parameters: {"id"=>"2"}
  [1m[36mUser Load (0.6ms)[0m  [1mSELECT  `users`.* FROM `users` WHERE `users`.`id` = 1  ORDER BY `users`.`id` ASC LIMIT 1[0m
  [1m[35mUser Load (1.1ms)[0m  SELECT  `users`.* FROM `users` WHERE `users`.`id` = 2 LIMIT 1
  [1m[36m (6.0ms)[0m  [1mSELECT COUNT(*) FROM `active_admin_comments` WHERE `active_admin_comments`.`resource_type` = 'User' AND `active_admin_comments`.`resource_id` = '2' AND `active_admin_comments`.`namespace` = 'admin'[0m
  [1m[35mCACHE (0.0ms)[0m  SELECT COUNT(*) FROM `active_admin_comments` WHERE `active_admin_comments`.`resource_type` = 'User' AND `active_admin_comments`.`resource_id` = '2' AND `active_admin_comments`.`namespace` = 'admin'  [["resource_type", "User"], ["resource_id", "2"], ["namespace", "admin"]]
  Rendered vendor/bundle/ruby/2.2.0/bundler/gems/activeadmin-0042ffb2670b/app/views/active_admin/resource/show.html.arb (381.1ms)
Completed 200 OK in 410ms (Views: 395.3ms | ActiveRecord: 7.7ms)


Started POST "/admin/comments" for ::1 at 2015-08-03 08:59:59 +0900
Processing by Admin::CommentsController#create as HTML
  Parameters: {"utf8"=>"✓", "authenticity_token"=>"cXxos6AeGKnGEWg3RlmIrGfy6COn0ug02yLGmspgYvEiPOuGUr4sG0YlQXw3q5HrWszMqucEnupVA/SctASlhQ==", "active_admin_comment"=>{"resource_type"=>"User", "resource_id"=>"2", "body"=>"comments"}, "commit"=>"Add Comment"}
  [1m[36mUser Load (0.8ms)[0m  [1mSELECT  `users`.* FROM `users` WHERE `users`.`id` = 1  ORDER BY `users`.`id` ASC LIMIT 1[0m
  [1m[35m (0.2ms)[0m  BEGIN
  [1m[36mUser Load (0.6ms)[0m  [1mSELECT  `users`.* FROM `users` WHERE `users`.`id` = 2 LIMIT 1[0m
  [1m[35mSQL (29.8ms)[0m  INSERT INTO `active_admin_comments` (`body`, `resource_id`, `resource_type`, `namespace`, `author_id`, `author_type`, `created_at`, `updated_at`) VALUES ('comments', '2', 'User', 'admin', 1, 'User', '2015-08-02 23:59:59', '2015-08-02 23:59:59')
  [1m[36m (18.7ms)[0m  [1mCOMMIT[0m
Redirected to http://localhost:3000/admin/users/2
Completed 302 Found in 275ms (ActiveRecord: 50.0ms)


Started GET "/admin/users/2" for ::1 at 2015-08-03 09:00:00 +0900
Processing by Admin::UsersController#show as HTML
  Parameters: {"id"=>"2"}
  [1m[35mUser Load (0.4ms)[0m  SELECT  `users`.* FROM `users` WHERE `users`.`id` = 1  ORDER BY `users`.`id` ASC LIMIT 1
  [1m[36mUser Load (2.0ms)[0m  [1mSELECT  `users`.* FROM `users` WHERE `users`.`id` = 2 LIMIT 1[0m
  [1m[35m (0.4ms)[0m  SELECT COUNT(*) FROM `active_admin_comments` WHERE `active_admin_comments`.`resource_type` = 'User' AND `active_admin_comments`.`resource_id` = '2' AND `active_admin_comments`.`namespace` = 'admin'
  [1m[36mCACHE (0.0ms)[0m  [1mSELECT COUNT(*) FROM `active_admin_comments` WHERE `active_admin_comments`.`resource_type` = 'User' AND `active_admin_comments`.`resource_id` = '2' AND `active_admin_comments`.`namespace` = 'admin'[0m  [["resource_type", "User"], ["resource_id", "2"], ["namespace", "admin"]]
  [1m[35mActiveAdmin::Comment Load (0.4ms)[0m  SELECT `active_admin_comments`.* FROM `active_admin_comments` WHERE `active_admin_comments`.`resource_type` = 'User' AND `active_admin_comments`.`resource_id` = '2' AND `active_admin_comments`.`namespace` = 'admin'  ORDER BY created_at ASC
  [1m[36mUser Load (0.5ms)[0m  [1mSELECT  `users`.* FROM `users` WHERE `users`.`id` = 1 LIMIT 1[0m
  Rendered vendor/bundle/ruby/2.2.0/bundler/gems/activeadmin-0042ffb2670b/app/views/active_admin/resource/show.html.arb (576.0ms)
Completed 200 OK in 606ms (Views: 598.5ms | ActiveRecord: 3.7ms)
  [1m[36mActiveRecord::SchemaMigration Load (6.0ms)[0m  [1mSELECT `schema_migrations`.* FROM `schema_migrations`[0m
Migrating to CreateTemplates (20150803001945)
  [1m[35m (96.4ms)[0m  CREATE TABLE `templates` (`id` int(11) auto_increment PRIMARY KEY, `name` text, `title` text, `text` text, `user_id` int(11), `created_at` datetime NOT NULL, `updated_at` datetime NOT NULL) ENGINE=InnoDB
  [1m[36m (0.1ms)[0m  [1mBEGIN[0m
  [1m[35mSQL (11.1ms)[0m  INSERT INTO `schema_migrations` (`version`) VALUES ('20150803001945')
  [1m[36m (6.3ms)[0m  [1mCOMMIT[0m
  [1m[35mActiveRecord::SchemaMigration Load (0.2ms)[0m  SELECT `schema_migrations`.* FROM `schema_migrations`
  [1m[36m (0.7ms)[0m  [1mSELECT fk.referenced_table_name as 'to_table'
      ,fk.referenced_column_name as 'primary_key'
      ,fk.column_name as 'column'
      ,fk.constraint_name as 'name'
FROM information_schema.key_column_usage fk
WHERE fk.referenced_column_name is not null
  AND fk.table_schema = 'active_admin_exercise3_development'
  AND fk.table_name = 'active_admin_comments'
[0m
  [1m[35m (0.1ms)[0m  SHOW CREATE TABLE `active_admin_comments`
  [1m[36m (0.2ms)[0m  [1mSELECT fk.referenced_table_name as 'to_table'
      ,fk.referenced_column_name as 'primary_key'
      ,fk.column_name as 'column'
      ,fk.constraint_name as 'name'
FROM information_schema.key_column_usage fk
WHERE fk.referenced_column_name is not null
  AND fk.table_schema = 'active_admin_exercise3_development'
  AND fk.table_name = 'templates'
[0m
  [1m[35m (0.1ms)[0m  SHOW CREATE TABLE `templates`
  [1m[36m (0.3ms)[0m  [1mSELECT fk.referenced_table_name as 'to_table'
      ,fk.referenced_column_name as 'primary_key'
      ,fk.column_name as 'column'
      ,fk.constraint_name as 'name'
FROM information_schema.key_column_usage fk
WHERE fk.referenced_column_name is not null
  AND fk.table_schema = 'active_admin_exercise3_development'
  AND fk.table_name = 'users'
[0m
  [1m[35m (0.1ms)[0m  SHOW CREATE TABLE `users`


Started GET "/admin" for ::1 at 2015-08-03 09:25:07 +0900
  [1m[36mActiveRecord::SchemaMigration Load (1.1ms)[0m  [1mSELECT `schema_migrations`.* FROM `schema_migrations`[0m
Processing by Admin::DashboardController#index as HTML
  [1m[35mUser Load (0.4ms)[0m  SELECT  `users`.* FROM `users` WHERE `users`.`id` = 1  ORDER BY `users`.`id` ASC LIMIT 1
  Rendered vendor/bundle/ruby/2.2.0/bundler/gems/activeadmin-0042ffb2670b/app/views/active_admin/page/index.html.arb (768.3ms)
Completed 200 OK in 845ms (Views: 783.6ms | ActiveRecord: 25.2ms)


Started GET "/assets/active_admin.self-74e4706f74a58d0b465b73ce87685e26aa63c1b51d4975085fccb9cdf878668d.css?body=1" for ::1 at 2015-08-03 09:25:09 +0900


Started GET "/assets/jquery.self-d03a5518f45df77341bdbe6201ba3bfa547ebba8ed64f0ea56bfa5f96ea7c074.js?body=1" for ::1 at 2015-08-03 09:25:09 +0900


Started GET "/assets/jquery-ui/draggable.self-debcca3d0d5d9afe2fe91a6fd1aebdb41ca0a55f2f6017352e6c02b6d8a6e64c.js?body=1" for ::1 at 2015-08-03 09:25:09 +0900


Started GET "/assets/jquery-ui/datepicker.self-6267be6d4d0f0e8665be3b4d6ac07f40ba23a32aff8eaa5d1bfc00f76a9eeae7.js?body=1" for ::1 at 2015-08-03 09:25:09 +0900


Started GET "/assets/jquery-ui/widget.self-c1602241ddc51216b58391768667068867b8e15b9efc722befcd25771eda6819.js?body=1" for ::1 at 2015-08-03 09:25:09 +0900


Started GET "/assets/jquery-ui/core.self-93be4d22eda916787802a64d8f88b52db8a9027d4ccbbc0942625324a7d12d44.js?body=1" for ::1 at 2015-08-03 09:25:09 +0900


Started GET "/assets/jquery-ui/dialog.self-5a6c7980dfa3f6b74445b0f4b20eed799ee65363163500ed7f032e603d6b022d.js?body=1" for ::1 at 2015-08-03 09:25:09 +0900


Started GET "/assets/jquery-ui/sortable.self-df2d80a36f9dfbe0facc596ccd92af83ca50d38e4cd6a84810aaf5d40b8cd181.js?body=1" for ::1 at 2015-08-03 09:25:09 +0900


Started GET "/assets/jquery-ui/resizable.self-60b870565f3cd62982c1907828119bb51f42ec8228d5e23868153edc3abc685c.js?body=1" for ::1 at 2015-08-03 09:25:09 +0900


Started GET "/assets/jquery-ui/position.self-e693ced4ecfa1a276f0b794f32c1d30d792764b08788bf68ecfa3b388c291333.js?body=1" for ::1 at 2015-08-03 09:25:09 +0900


Started GET "/assets/jquery-ui/mouse.self-c513294e8da73f31f84ba3ef11e2a1180a47faea0eb2fea4a53fc26153dd21fd.js?body=1" for ::1 at 2015-08-03 09:25:09 +0900


Started GET "/assets/jquery-ui/button.self-4d4f21ba77bbf8cc08ae65e2b6329a7a1b952b32c3ba7bffca8313e7e8c93d0c.js?body=1" for ::1 at 2015-08-03 09:25:09 +0900


Started GET "/assets/jquery-ui/tabs.self-dc07b44bf1b926c8d28ccd2658e30933881e5329348caf70cf305c3943f6bbd7.js?body=1" for ::1 at 2015-08-03 09:25:09 +0900


Started GET "/assets/jquery_ujs.self-ca5248a2fad13d6bd58ea121318d642f195f0b2dd818b30615f785ff365e8d1f.js?body=1" for ::1 at 2015-08-03 09:25:09 +0900


Started GET "/assets/active_admin/lib/batch_actions.self-10ee4c07784b00259ca97a02c4e7fb53c1b27ebe5653a3b910426b4ea0941250.js?body=1" for ::1 at 2015-08-03 09:25:09 +0900


Started GET "/assets/active_admin/base.self-ab2cb3098b53fe7d229937d768d701e8f4013f2a5aea7988d8f2149fa40426db.js?body=1" for ::1 at 2015-08-03 09:25:09 +0900


Started GET "/assets/active_admin/lib/dropdown-menu.self-161387c54d1640bd9f174301b77d73ea88ce6d7daf0d7356bd50b4d0143d1b72.js?body=1" for ::1 at 2015-08-03 09:25:09 +0900


Started GET "/assets/active_admin/lib/checkbox-toggler.self-ffdc88fc1b3b6bcfac3e314f191fc486175ab5a4b5daab87af6bd208cb483bd8.js?body=1" for ::1 at 2015-08-03 09:25:09 +0900


Started GET "/assets/active_admin/lib/has_many.self-ece319debdc01ca5096ae8ac6c130ffc0decab382543b4b94e18591375d3d3bb.js?body=1" for ::1 at 2015-08-03 09:25:09 +0900


Started GET "/assets/active_admin/lib/flash.self-8f05a5d9328ea28fca100b057787fbfb567986513c5f1735ea48fad8f9571c10.js?body=1" for ::1 at 2015-08-03 09:25:09 +0900


Started GET "/assets/active_admin/lib/modal_dialog.self-0e86d9de4b99cb242de337a342f957f4872f686afc40f31f32d855672b1cd878.js?body=1" for ::1 at 2015-08-03 09:25:09 +0900


Started GET "/assets/active_admin/lib/per_page.self-d7697643296439a8f6aadbf22a229d8ce9b4e8e530ca854164398141006bcfda.js?body=1" for ::1 at 2015-08-03 09:25:09 +0900


Started GET "/assets/active_admin/lib/table-checkbox-toggler.self-f5200d732ec9ffd4ee8fd1fe11524ad7b54a67f6c0ef447a29d119ece2dcecdb.js?body=1" for ::1 at 2015-08-03 09:25:09 +0900


Started GET "/assets/active_admin/ext/jquery-ui.self-f96f2ec2a32c4bc4da4292cc74bddeca0bb223d81a421c98c4d613632860945e.js?body=1" for ::1 at 2015-08-03 09:25:09 +0900


Started GET "/assets/active_admin/ext/jquery.self-da8dafbbe883092bcae73f35a8caf4ae6170fe7d8130ae7039a233f9b509c757.js?body=1" for ::1 at 2015-08-03 09:25:09 +0900


Started GET "/assets/active_admin/application.self-50ffc9f86e474cd52ffb7ce3b3572255ad6646ea17097a056f330b540eae402c.js?body=1" for ::1 at 2015-08-03 09:25:09 +0900


Started GET "/assets/active_admin.self-877aef30ae1b040ab8a3aba4e3e309a11d7f2612f44dde450b5c157aa5f95c05.js?body=1" for ::1 at 2015-08-03 09:25:09 +0900


Started GET "/assets/active_admin/print.self-a89a5f3d4e4de963bebe09c9106e5f3192c66f828421dc136cfad24760418340.css?body=1" for ::1 at 2015-08-03 09:25:09 +0900


Started GET "/admin/templates" for ::1 at 2015-08-03 09:25:12 +0900
Processing by Admin::TemplatesController#index as HTML
  [1m[36mUser Load (0.7ms)[0m  [1mSELECT  `users`.* FROM `users` WHERE `users`.`id` = 1  ORDER BY `users`.`id` ASC LIMIT 1[0m
  [1m[35m (1.8ms)[0m  SELECT COUNT(count_column) FROM (SELECT  1 AS count_column FROM `templates` LIMIT 30 OFFSET 0) subquery_for_count
  Rendered vendor/bundle/ruby/2.2.0/bundler/gems/activeadmin-0042ffb2670b/app/views/active_admin/resource/index.html.arb (322.9ms)
Completed 200 OK in 380ms (Views: 337.6ms | ActiveRecord: 30.3ms)
